<?xml version="1.0" encoding="UTF-8"?>
<!-- Generated by org.testng.reporters.JUnitReportReporter -->
<testsuite hostname="LAPTOP-8LOUFHRQ" failures="0" tests="1" name="TestingWebDriver.Tests.ErrorValidations" time="5.714" errors="0" timestamp="2024-12-19T11:35:14 ICT" skipped="0">
  <testcase classname="TestingWebDriver.Tests.ErrorValidations" name="StandAloneTest" time="5.714"/>
</testsuite> <!-- TestingWebDriver.Tests.ErrorValidations -->
