<?xml version="1.0" encoding="UTF-8"?>
<!-- Generated by org.testng.reporters.JUnitReportReporter -->
<testsuite hostname="LAPTOP-8LOUFHRQ" failures="0" tests="3" name="testingwebdriver.tests.StandAloneTest" time="73.511" errors="0" timestamp="2024-12-23T01:03:29 ICT" skipped="0">
  <testcase classname="testingwebdriver.tests.StandAloneTest" name="SubmitOrder" time="27.144"/>
  <testcase classname="testingwebdriver.tests.StandAloneTest" name="SubmitOrder" time="34.565"/>
  <testcase classname="testingwebdriver.tests.StandAloneTest" name="OrderHistoryTest" time="11.802"/>
</testsuite> <!-- testingwebdriver.tests.StandAloneTest -->
