<?xml version="1.0" encoding="UTF-8"?>
<!-- Generated by org.testng.reporters.JUnitReportReporter -->
<testsuite hostname="LAPTOP-8LOUFHRQ" failures="0" tests="2" name="testingwebdriver.tests.ErrorValidationsTest" time="42.833" errors="0" timestamp="2024-12-25T19:54:54 ICT" skipped="0">
  <testcase classname="testingwebdriver.tests.ErrorValidationsTest" name="ProductErrorValidation" time="33.860"/>
  <testcase classname="testingwebdriver.tests.ErrorValidationsTest" name="LoginErrorValidation" time="8.973"/>
</testsuite> <!-- testingwebdriver.tests.ErrorValidationsTest -->
