<?xml version="1.0" encoding="UTF-8"?>
<!-- Generated by org.testng.reporters.JUnitReportReporter -->
<testsuite hostname="LAPTOP-8LOUFHRQ" failures="0" tests="3" name="testingwebdriver.tests.StandAloneTest" time="71.994" errors="0" timestamp="2024-12-25T19:54:54 ICT" skipped="0">
  <testcase classname="testingwebdriver.tests.StandAloneTest" name="OrderHistoryTest" time="15.161"/>
  <testcase classname="testingwebdriver.tests.StandAloneTest" name="SubmitOrder" time="24.242"/>
  <testcase classname="testingwebdriver.tests.StandAloneTest" name="SubmitOrder" time="32.591"/>
</testsuite> <!-- testingwebdriver.tests.StandAloneTest -->
